SBY 11:22:33 [rv32i_bmc] Copying current directory to '/formal/rv32i_bmc_dir/src'
SBY 11:22:33 [rv32i_bmc] engine_0: smtbmc boolector
SBY 11:22:33 [rv32i_bmc] base: starting process "cd rv32i_bmc_dir/src; yosys -ql ../model/design.log ../model/design.ys"
SBY 11:22:34 [rv32i_bmc] base: finished (returncode=0)
SBY 11:22:34 [rv32i_bmc] smt2: starting process "cd rv32i_bmc_dir/model; yosys -ql design_smt2.log design_smt2.ys"
SBY 11:22:34 [rv32i_bmc] smt2: finished (returncode=0)
SBY 11:22:34 [rv32i_bmc] engine_0: starting process "cd rv32i_bmc_dir; yosys-smtbmc -s boolector --presat --unroll --noprogress -t 20  --append 0 --dump-vcd engine_0/trace.vcd --dump-vlogtb engine_0/trace_tb.v --dump-smtc engine_0/trace.smtc model/design_smt2.smt2"
SBY 11:22:35 [rv32i_bmc] engine_0: ##   0:00:00  Solver: boolector
SBY 11:22:35 [rv32i_bmc] engine_0: ##   0:00:00  Checking assumptions in step 0..
SBY 11:22:35 [rv32i_bmc] engine_0: ##   0:00:00  Checking assertions in step 0..
SBY 11:22:35 [rv32i_bmc] engine_0: ##   0:00:00  Checking assumptions in step 1..
SBY 11:22:35 [rv32i_bmc] engine_0: ##   0:00:00  Checking assertions in step 1..
SBY 11:22:35 [rv32i_bmc] engine_0: ##   0:00:00  Checking assumptions in step 2..
SBY 11:22:35 [rv32i_bmc] engine_0: ##   0:00:00  Checking assertions in step 2..
SBY 11:22:35 [rv32i_bmc] engine_0: ##   0:00:00  ...
SBY 11:22:35 [rv32i_bmc] engine_0: ##   0:00:01  Checking assumptions in step 19..
SBY 11:22:35 [rv32i_bmc] engine_0: ##   0:00:01  Checking assertions in step 19..
SBY 11:22:35 [rv32i_bmc] engine_0: ##   0:00:01  Status: passed
SBY 11:22:35 [rv32i_bmc] engine_0: finished (returncode=0)
SBY 11:22:35 [rv32i_bmc] engine_0: Status returned by engine: pass
SBY 11:22:35 [rv32i_bmc] summary: Elapsed clock time [H:MM:SS]: 0:00:02
SBY 11:22:35 [rv32i_bmc] summary: Elapsed process time [H:MM:SS]: 0:00:02
SBY 11:22:35 [rv32i_bmc] summary: engine_0 (smtbmc boolector) returned pass
SBY 11:22:35 [rv32i_bmc] DONE (PASS, rc=0)
